<?xml version="1.0" encoding="UTF-8"?>
<!-- Generated by org.testng.reporters.JUnitReportReporter -->
<testsuite hostname="DESKTOP-HU52OQ2" failures="0" tests="1" name="com.qa.testcases.ts004.TS004_TC005" time="49.885" errors="0" timestamp="2024-05-17T10:15:59 IST" skipped="0">
  <testcase classname="com.qa.testcases.ts004.TS004_TC005" name="TS004_TC005" time="49.885"/>
  <system-out/>
</testsuite> <!-- com.qa.testcases.ts004.TS004_TC005 -->
