<?xml version="1.0" encoding="UTF-8"?>
<!-- Generated by org.testng.reporters.JUnitReportReporter -->
<testsuite hostname="DESKTOP-HU52OQ2" failures="0" tests="1" name="com.qa.testcases.ts001.TS001_TC006" time="39.438" errors="0" timestamp="2024-05-11T23:14:51 IST" skipped="0">
  <testcase classname="com.qa.testcases.ts001.TS001_TC006" name="TS001_TC006" time="39.438"/>
  <system-out/>
</testsuite> <!-- com.qa.testcases.ts001.TS001_TC006 -->
