<?xml version="1.0" encoding="UTF-8"?>
<!-- Generated by org.testng.reporters.JUnitReportReporter -->
<testsuite hostname="DESKTOP-HU52OQ2" failures="0" tests="1" name="com.qa.testcases.TS002_TC003" time="34.007" errors="0" timestamp="2024-05-10T22:13:28 IST" skipped="0">
  <testcase classname="com.qa.testcases.TS002_TC003" name="TS002_TC003" time="34.007"/>
  <system-out/>
</testsuite> <!-- com.qa.testcases.TS002_TC003 -->
