<?xml version="1.0" encoding="UTF-8"?>
<!-- Generated by org.testng.reporters.JUnitReportReporter -->
<testsuite hostname="DESKTOP-HU52OQ2" failures="0" tests="1" name="com.qa.testcases.ts003.TS003_TC004" time="33.546" errors="0" timestamp="2024-05-13T13:54:03 IST" skipped="0">
  <testcase classname="com.qa.testcases.ts003.TS003_TC004" name="TS003_TC003" time="33.546"/>
  <system-out/>
</testsuite> <!-- com.qa.testcases.ts003.TS003_TC004 -->
