<?xml version="1.0" encoding="UTF-8"?>
<!-- Generated by org.testng.reporters.JUnitReportReporter -->
<testsuite hostname="DESKTOP-HU52OQ2" failures="0" tests="1" name="com.qa.testcases.ts004.TS004_TC001" time="121.585" errors="0" timestamp="2024-05-13T20:51:01 IST" skipped="0">
  <testcase classname="com.qa.testcases.ts004.TS004_TC001" name="TS004_TC001" time="121.585"/>
  <system-out/>
</testsuite> <!-- com.qa.testcases.ts004.TS004_TC001 -->
