<?xml version="1.0" encoding="UTF-8"?>
<!-- Generated by org.testng.reporters.JUnitReportReporter -->
<testsuite hostname="DESKTOP-HU52OQ2" failures="0" tests="1" name="com.qa.testcases.ts004.TS004_TC002" time="328.244" errors="0" timestamp="2024-05-14T11:56:19 IST" skipped="0">
  <testcase classname="com.qa.testcases.ts004.TS004_TC002" name="TS004_TC002" time="328.244"/>
  <system-out/>
</testsuite> <!-- com.qa.testcases.ts004.TS004_TC002 -->
