<?xml version="1.0" encoding="UTF-8"?>
<!-- Generated by org.testng.reporters.JUnitReportReporter -->
<testsuite hostname="DESKTOP-HU52OQ2" failures="0" tests="1" name="com.qa.testcases.ts001.TS001_TC003" time="22.565" errors="0" timestamp="2024-05-11T20:39:29 IST" skipped="0">
  <testcase classname="com.qa.testcases.ts001.TS001_TC003" name="TS001_TC003" time="22.565"/>
  <system-out/>
</testsuite> <!-- com.qa.testcases.ts001.TS001_TC003 -->
