<?xml version="1.0" encoding="UTF-8"?>
<!-- Generated by org.testng.reporters.JUnitReportReporter -->
<testsuite hostname="DESKTOP-HU52OQ2" failures="0" tests="1" name="com.qa.testcases.ts002.TS002_TC004" time="28.735" errors="0" timestamp="2024-05-12T13:32:46 IST" skipped="0">
  <testcase classname="com.qa.testcases.ts002.TS002_TC004" name="TS002_TC004" time="28.735"/>
  <system-out/>
</testsuite> <!-- com.qa.testcases.ts002.TS002_TC004 -->
