<?xml version="1.0" encoding="UTF-8"?>
<!-- Generated by org.testng.reporters.JUnitReportReporter -->
<testsuite hostname="DESKTOP-HU52OQ2" failures="0" tests="1" name="com.qa.testcases.ts002.TS002_TC001" time="9.227" errors="0" timestamp="2024-05-12T12:44:42 IST" skipped="0">
  <testcase classname="com.qa.testcases.ts002.TS002_TC001" name="TS002_TC001" time="9.227"/>
  <system-out/>
</testsuite> <!-- com.qa.testcases.ts002.TS002_TC001 -->
