<?xml version="1.0" encoding="UTF-8"?>
<!-- Generated by org.testng.reporters.JUnitReportReporter -->
<testsuite hostname="DESKTOP-HU52OQ2" failures="0" tests="1" name="com.qa.testcases.ts005.TS005_TC003" time="51.210" errors="0" timestamp="2024-05-18T18:03:44 IST" skipped="0">
  <testcase classname="com.qa.testcases.ts005.TS005_TC003" name="TS005_TC003" time="51.210"/>
  <system-out/>
</testsuite> <!-- com.qa.testcases.ts005.TS005_TC003 -->
