<?xml version="1.0" encoding="UTF-8"?>
<!-- Generated by org.testng.reporters.JUnitReportReporter -->
<testsuite hostname="DESKTOP-HU52OQ2" failures="0" tests="1" name="com.qa.testcases.ts001.TS001_TC005" time="24.928" errors="0" timestamp="2024-05-11T22:09:33 IST" skipped="0">
  <testcase classname="com.qa.testcases.ts001.TS001_TC005" name="TS001_TC005" time="24.928"/>
  <system-out/>
</testsuite> <!-- com.qa.testcases.ts001.TS001_TC005 -->
