<?xml version="1.0" encoding="UTF-8"?>
<!-- Generated by org.testng.reporters.JUnitReportReporter -->
<testsuite hostname="DESKTOP-HU52OQ2" failures="0" tests="1" name="com.qa.testcases.ts003.TS003_TC002" time="29.062" errors="0" timestamp="2024-05-13T12:29:13 IST" skipped="0">
  <testcase classname="com.qa.testcases.ts003.TS003_TC002" name="TS003_TC002" time="29.062"/>
  <system-out/>
</testsuite> <!-- com.qa.testcases.ts003.TS003_TC002 -->
