<?xml version="1.0" encoding="UTF-8"?>
<!-- Generated by org.testng.reporters.JUnitReportReporter -->
<testsuite hostname="DESKTOP-HU52OQ2" failures="0" tests="1" name="com.qa.testcases.ts001.TS001_TC002" time="20.313" errors="0" timestamp="2024-05-11T16:41:09 IST" skipped="0">
  <testcase classname="com.qa.testcases.ts001.TS001_TC002" name="TS001_TC002" time="20.313"/>
  <system-out/>
</testsuite> <!-- com.qa.testcases.ts001.TS001_TC002 -->
