<?xml version="1.0" encoding="UTF-8"?>
<!-- Generated by org.testng.reporters.JUnitReportReporter -->
<testsuite hostname="DESKTOP-HU52OQ2" failures="0" tests="1" name="com.qa.testcases.ts004.TS004_TC004" time="54.052" errors="0" timestamp="2024-05-17T09:55:00 IST" skipped="0">
  <testcase classname="com.qa.testcases.ts004.TS004_TC004" name="TS004_TC004" time="54.052"/>
  <system-out/>
</testsuite> <!-- com.qa.testcases.ts004.TS004_TC004 -->
