<?xml version="1.0" encoding="UTF-8"?>
<!-- Generated by org.testng.reporters.JUnitReportReporter -->
<testsuite hostname="DESKTOP-HU52OQ2" failures="0" tests="1" name="com.qa.testcases.ts002.TS002_TC002" time="25.681" errors="0" timestamp="2024-05-12T13:11:03 IST" skipped="0">
  <testcase classname="com.qa.testcases.ts002.TS002_TC002" name="TS002_TC002" time="25.681"/>
  <system-out/>
</testsuite> <!-- com.qa.testcases.ts002.TS002_TC002 -->
